#
# A fatal error has been detected by the Java Runtime Environment:
#
#  Internal Error (javaClasses.cpp:127), pid=1788, tid=10716
#  fatal error: Invalid layout of preloaded class
#
# JRE version:  (8.0_40-b26) (build )
# Java VM: Java HotSpot(TM) 64-Bit Server VM (25.40-b25 mixed mode windows-amd64 compressed oops)
# Failed to write core dump. Minidumps are not enabled by default on client versions of Windows
#
# If you would like to submit a bug report, please visit:
#   http://bugreport.java.com/bugreport/crash.jsp
#

---------------  T H R E A D  ---------------

Current thread (0x0000000002f62800):  JavaThread "Unknown thread" [_thread_in_vm, id=10716, stack(0x0000000002e60000,0x0000000002f60000)]

Stack: [0x0000000002e60000,0x0000000002f60000]
Native frames: (J=compiled Java code, j=interpreted, Vv=VM code, C=native code)
V  [jvm.dll+0x32b47a]
V  [jvm.dll+0x2797f3]
V  [jvm.dll+0x27a489]
V  [jvm.dll+0x271726]
V  [jvm.dll+0x67fd3]
V  [jvm.dll+0x680c3]
V  [jvm.dll+0x7d63a]
V  [jvm.dll+0x7d9a6]
V  [jvm.dll+0xf2077]
V  [jvm.dll+0xf2406]
V  [jvm.dll+0x20f107]
V  [jvm.dll+0x240d9a]
V  [jvm.dll+0x15b941]
C  [javaw.exe+0x217e]
C  [javaw.exe+0xcd17]
C  [javaw.exe+0xcdab]
C  [KERNEL32.DLL+0x13d2]
C  [ntdll.dll+0x15444]


---------------  P R O C E S S  ---------------

Java Threads: ( => current thread )

Other Threads:

=>0x0000000002f62800 (exited) JavaThread "Unknown thread" [_thread_in_vm, id=10716, stack(0x0000000002e60000,0x0000000002f60000)]

VM state:not at safepoint (not fully initialized)

VM Mutex/Monitor currently owned by a thread: None

GC Heap History (0 events):
No events

Deoptimization events (0 events):
No events

Internal exceptions (0 events):
No events

Events (10 events):
Event: 0.077 loading class java/lang/CharSequence done
Event: 0.077 loading class java/lang/String done
Event: 0.077 loading class java/lang/Class
Event: 0.077 loading class java/lang/reflect/AnnotatedElement
Event: 0.099 loading class java/lang/reflect/AnnotatedElement done
Event: 0.099 loading class java/lang/reflect/GenericDeclaration
Event: 0.099 loading class java/lang/reflect/GenericDeclaration done
Event: 0.099 loading class java/lang/reflect/Type
Event: 0.099 loading class java/lang/reflect/Type done
Event: 0.099 loading class java/lang/Class done


Dynamic libraries:
0x00007ff654c50000 - 0x00007ff654c87000 	D:\Program Files\Java\jre1.8.0_40\bin\javaw.exe
0x00007ffba0ab0000 - 0x00007ffba0c5c000 	C:\Windows\SYSTEM32\ntdll.dll
0x00007ffb9e820000 - 0x00007ffb9e95e000 	C:\Windows\system32\KERNEL32.DLL
0x00007ffb9dfc0000 - 0x00007ffb9e0d5000 	C:\Windows\system32\KERNELBASE.dll
0x00007ffb9c4b0000 - 0x00007ffb9c53e000 	C:\Windows\system32\apphelp.dll
0x00007ffb921d0000 - 0x00007ffb92223000 	C:\Windows\AppPatch\AppPatch64\AcGenral.DLL
0x00007ffb9e960000 - 0x00007ffb9ea0a000 	C:\Windows\system32\msvcrt.dll
0x00007ffb9d990000 - 0x00007ffb9d9be000 	C:\Windows\SYSTEM32\SspiCli.dll
0x00007ffb9e3f0000 - 0x00007ffb9e444000 	C:\Windows\system32\SHLWAPI.dll
0x00007ffb9ec70000 - 0x00007ffb9ede7000 	C:\Windows\system32\USER32.dll
0x00007ffb9ea10000 - 0x00007ffb9eba4000 	C:\Windows\system32\ole32.dll
0x00007ffb9f310000 - 0x00007ffba0828000 	C:\Windows\system32\SHELL32.dll
0x00007ffb9d160000 - 0x00007ffb9d181000 	C:\Windows\SYSTEM32\USERENV.dll
0x00007ffb9e450000 - 0x00007ffb9e4fa000 	C:\Windows\system32\ADVAPI32.dll
0x00007ffb8afc0000 - 0x00007ffb8afde000 	C:\Windows\SYSTEM32\MPR.dll
0x00007ffb9f070000 - 0x00007ffb9f1b1000 	C:\Windows\system32\RPCRT4.dll
0x00007ffba0830000 - 0x00007ffba0889000 	C:\Windows\SYSTEM32\sechost.dll
0x00007ffb9e600000 - 0x00007ffb9e811000 	C:\Windows\SYSTEM32\combase.dll
0x00007ffb9e130000 - 0x00007ffb9e281000 	C:\Windows\system32\GDI32.dll
0x00007ffb9dc00000 - 0x00007ffb9dc15000 	C:\Windows\SYSTEM32\profapi.dll
0x00007ffb9c3d0000 - 0x00007ffb9c482000 	C:\Windows\SYSTEM32\SHCORE.dll
0x00007ffb9e5c0000 - 0x00007ffb9e5f6000 	C:\Windows\system32\IMM32.DLL
0x00007ffb9e290000 - 0x00007ffb9e3e2000 	C:\Windows\system32\MSCTF.dll
0x00007ffb9dbb0000 - 0x00007ffb9dbe2000 	C:\Windows\system32\nvinitx.dll
0x000000000f000000 - 0x000000000f006000 	C:\Program Files\NVIDIA Corporation\CoProcManager\_etoured.dll
0x00007ffb9b8d0000 - 0x00007ffb9b903000 	C:\Program Files\NVIDIA Corporation\CoProcManager\nvd3d9wrapx.dll
0x00007ffba08d0000 - 0x00007ffba0aaa000 	C:\Windows\system32\SETUPAPI.dll
0x00007ffb9e0e0000 - 0x00007ffb9e12f000 	C:\Windows\system32\CFGMGR32.dll
0x00007ffb9b820000 - 0x00007ffb9b843000 	C:\Program Files\NVIDIA Corporation\CoProcManager\nvdxgiwrapx.dll
0x00007ffb9bf20000 - 0x00007ffb9c19b000 	C:\Windows\WinSxS\amd64_microsoft.windows.common-controls_6595b64144ccf1df_6.0.9600.17415_none_6240486fecbd8abb\COMCTL32.dll
0x0000000070530000 - 0x0000000070602000 	D:\Program Files\Java\jre1.8.0_40\bin\msvcr100.dll
0x0000000070910000 - 0x0000000071193000 	D:\Program Files\Java\jre1.8.0_40\bin\server\jvm.dll
0x00007ffb9b9f0000 - 0x00007ffb9b9f9000 	C:\Windows\SYSTEM32\WSOCK32.dll
0x00007ffb9b470000 - 0x00007ffb9b492000 	C:\Windows\SYSTEM32\WINMM.dll
0x00007ffb9b650000 - 0x00007ffb9b65a000 	C:\Windows\SYSTEM32\VERSION.dll
0x00007ffba08a0000 - 0x00007ffba08a7000 	C:\Windows\system32\PSAPI.DLL
0x00007ffb9ec10000 - 0x00007ffb9ec6a000 	C:\Windows\system32\WS2_32.dll
0x00007ffb9b0d0000 - 0x00007ffb9b0fa000 	C:\Windows\SYSTEM32\WINMMBASE.dll
0x00007ffb9f1c0000 - 0x00007ffb9f1c9000 	C:\Windows\system32\NSI.dll
0x00007ffb9c9b0000 - 0x00007ffb9c9d8000 	C:\Windows\SYSTEM32\DEVOBJ.dll
0x0000000071700000 - 0x000000007170f000 	D:\Program Files\Java\jre1.8.0_40\bin\verify.dll
0x00000000708e0000 - 0x0000000070909000 	D:\Program Files\Java\jre1.8.0_40\bin\java.dll
0x00000000708c0000 - 0x00000000708d6000 	D:\Program Files\Java\jre1.8.0_40\bin\zip.dll
0x00007ffb8c940000 - 0x00007ffb8caca000 	C:\Windows\SYSTEM32\dbghelp.dll

VM Arguments:
jvm_args: -Dfile.encoding=GBK -Xbootclasspath:D:\MyDev\adt-bundle-windows-x86_64-20140702\sdk\platforms\android-21\android.jar 
java_command: com.hanbao.utils.YoudaoDict
java_class_path (initial): D:\MyDev\adt-bundle-windows-x86_64-20140702\workspace\HanBao\bin\classes;D:\MyDev\adt-bundle-windows-x86_64-20140702\workspace\HanBao\libs\htmllexer.jar;D:\MyDev\adt-bundle-windows-x86_64-20140702\workspace\HanBao\libs\android-support-v4.jar;D:\MyDev\adt-bundle-windows-x86_64-20140702\workspace\HanBao\libs\htmlparser.jar;D:\MyDev\adt-bundle-windows-x86_64-20140702\workspace\appcompat_v7\libs\android-support-v7-appcompat.jar;D:\MyDev\adt-bundle-windows-x86_64-20140702\workspace\appcompat_v7\bin\appcompat_v7.jar
Launcher Type: SUN_STANDARD

Environment Variables:
JAVA_HOME=D:\Program Files\Java\jdk1.8.0_40
PATH=D:/Program Files/Java/jre1.8.0_40/bin/server;D:/Program Files/Java/jre1.8.0_40/bin;D:/Program Files/Java/jre1.8.0_40/lib/amd64;D:\MyDev\adt-bundle-windows-x86_64-20140702\sdk\platforms;D:\MyDev\adt-bundle-windows-x86_64-20140702\sdk\platform-tools;D:\MyDev\adt-bundle-windows-x86_64-20140702\sdk\tools;;D:\Tools\Python27\;D:\Tools\Python27\Scripts;C:\ProgramData\Oracle\Java\javapath;C:\Windows\system32;C:\Windows;C:\Windows\System32\Wbem;C:\Windows\System32\WindowsPowerShell\v1.0\;C:\Program Files (x86)\Windows Kits\8.1\Windows Performance Toolkit\;C:\Program Files\Microsoft SQL Server\110\Tools\Binn\;D:\MyDev\cocos2d-x-3.6\templates;D:\MyDev\cocos2d-x-3.6\tools\cocos2d-console\bin;D:\Tools\AppServ\Apache2.2\bin;D:\Tools\AppServ\php5;D:\Tools\AppServ\MySQL\bin;D:\MyDev\adt-bundle-windows-x86_64-20140702\eclipse;
USERNAME=haishand
OS=Windows_NT
PROCESSOR_IDENTIFIER=Intel64 Family 6 Model 58 Stepping 9, GenuineIntel



---------------  S Y S T E M  ---------------

OS: Windows 8.1 , 64 bit Build 9600 (6.3.9600.17415)

CPU:total 4 (2 cores per cpu, 2 threads per core) family 6 model 58 stepping 9, cmov, cx8, fxsr, mmx, sse, sse2, sse3, ssse3, sse4.1, sse4.2, popcnt, avx, clmul, erms, ht, tsc, tscinvbit, tscinv

Memory: 4k page, physical 3700852k(838624k free), swap 7501940k(2063800k free)

vm_info: Java HotSpot(TM) 64-Bit Server VM (25.40-b25) for windows-amd64 JRE (1.8.0_40-b26), built on Mar  7 2015 13:51:59 by "java_re" with MS VC++ 10.0 (VS2010)

time: Tue May 05 16:38:20 2015
elapsed time: 0 seconds (0d 0h 0m 0s)

